


ARM Macro Assembler    Page 1 


    1 00000000         ;Version 3 assembly floating point
    2 00000000         ; run with floating-point hardware active
    3 00000000                 AREA             DATA, ALIGN=2
    4 00000000 00 00 00 
              00       T       SPACE            4
    5 00000004 00 00 00 
              00       N       SPACE            4
    6 00000008                 AREA             |.text|, CODE, READONLY, ALIGN=
2
    7 00000000                 THUMB
    8 00000000         Test3
    9 00000000 F04F 0000       MOV              R0,#0
   10 00000004 490B            LDR              R1,=N       ;pointer to N
   11 00000006 4A0C            LDR              R2,=T       ;pointer to T
   12 00000008 EDDF 0A0C       VLDR.F32         S1,=0.009768
   13 0000000C EEB2 1A04       VLDR.F32         S2,=10
   14 00000010 6008    loop3   STR              R0,[R1]     ; N is volatile
   15 00000012 EE00 0A10       VMOV.F32         S0,R0
   16 00000016 EEB8 0A40       VCVT.F32.U32     S0,S0       ; S0 has N
   17 0000001A EE20 0A20       VMUL.F32         S0,S0,S1    ; N*0.09768
   18 0000001E EE30 0A01       VADD.F32         S0,S0,S2    ; 10+N*0.0968
   19 00000022 ED82 0A00       VSTR.F32         S0,[R2]     ; T=10+N*0.0968
   20 00000026 F100 0001       ADD              R0,R0,#1
   21 0000002A F5B0 5F80       CMP              R0,#4096
   22 0000002E D1EF            BNE              loop3
   23 00000030 4770            BX               LR
   24 00000032                 END
              00 00 00000000 
              00000000 
              3C2009F6 
Command Line: --debug --xref --cpu=Cortex-M4.fp --apcs=interwork --depend=.\ver
sion_3.d -o.\version_3.o -IC:\Keil\ARM\RV31\INC -IC:\Keil\ARM\CMSIS\Include -IC
:\Keil\ARM\Inc\TI\TM4C123 --predefine="__EVAL SETA 1" --predefine="__MICROLIB S
ETA 1" --list=.\version_3.lst version_3.s



ARM Macro Assembler    Page 1 Alphabetic symbol ordering
Relocatable symbols

DATA 00000000

Symbol: DATA
   Definitions
      At line 3 in file version_3.s
   Uses
      None
Comment: DATA unused
N 00000004

Symbol: N
   Definitions
      At line 5 in file version_3.s
   Uses
      At line 10 in file version_3.s
Comment: N used once
T 00000000

Symbol: T
   Definitions
      At line 4 in file version_3.s
   Uses
      At line 11 in file version_3.s
Comment: T used once
3 symbols



ARM Macro Assembler    Page 1 Alphabetic symbol ordering
Relocatable symbols

.text 00000000

Symbol: .text
   Definitions
      At line 6 in file version_3.s
   Uses
      None
Comment: .text unused
Test3 00000000

Symbol: Test3
   Definitions
      At line 8 in file version_3.s
   Uses
      None
Comment: Test3 unused
loop3 00000010

Symbol: loop3
   Definitions
      At line 14 in file version_3.s
   Uses
      At line 22 in file version_3.s
Comment: loop3 used once
3 symbols
341 symbols in table
